2025-01-23 08:38:02.7565|INFO|Microsoft.AspNetCore.DataProtection.KeyManagement.XmlKeyManager|User profile is available. Using 'C:\Users\programacion1\AppData\Local\ASP.NET\DataProtection-Keys' as key repository and Windows DPAPI to encrypt keys at rest.
2025-01-23 08:38:03.2405|INFO|Microsoft.Hosting.Lifetime|Now listening on: https://localhost:7144
2025-01-23 08:38:03.2405|INFO|Microsoft.Hosting.Lifetime|Now listening on: http://localhost:5197
2025-01-23 08:38:03.4249|INFO|Microsoft.Hosting.Lifetime|Application started. Press Ctrl+C to shut down.
2025-01-23 08:38:03.4249|INFO|Microsoft.Hosting.Lifetime|Hosting environment: Development
2025-01-23 08:38:03.4249|INFO|Microsoft.Hosting.Lifetime|Content root path: C:\Users\programacion1\source\repos\APIRestIndotInventarioMovil
2025-01-23 08:53:45.8748|INFO|Microsoft.AspNetCore.Hosting.Diagnostics|Request starting HTTP/1.1 POST https://3df8-2-139-239-88.ngrok-free.app/apiindot/loginapi - application/json;+charset=UTF-8 62
2025-01-23 08:53:46.0289|INFO|Microsoft.AspNetCore.Routing.EndpointMiddleware|Executing endpoint 'APIRestIndotInventarioMovil.Controllers.LoginAPIController.Login (APIRestIndotInventarioMovil)'
2025-01-23 08:53:46.0628|INFO|Microsoft.AspNetCore.Mvc.Infrastructure.ControllerActionInvoker|Route matched with {action = "Login", controller = "LoginAPI"}. Executing controller action with signature System.Threading.Tasks.Task`1[Microsoft.AspNetCore.Mvc.ActionResult`1[APIRestIndotInventarioMovil.DTO.UsuarioApiDTO]] Login(APIRestIndotInventarioMovil.Models.LoginAPI) on controller APIRestIndotInventarioMovil.Controllers.LoginAPIController (APIRestIndotInventarioMovil).
2025-01-23 08:53:46.8004|INFO|Microsoft.AspNetCore.Mvc.Infrastructure.ObjectResultExecutor|Executing ObjectResult, writing value of type 'APIRestIndotInventarioMovil.DTO.UsuarioApiDTO'.
2025-01-23 08:53:46.8148|INFO|Microsoft.AspNetCore.Mvc.Infrastructure.ControllerActionInvoker|Executed action APIRestIndotInventarioMovil.Controllers.LoginAPIController.Login (APIRestIndotInventarioMovil) in 746.2276ms
2025-01-23 08:53:46.8148|INFO|Microsoft.AspNetCore.Routing.EndpointMiddleware|Executed endpoint 'APIRestIndotInventarioMovil.Controllers.LoginAPIController.Login (APIRestIndotInventarioMovil)'
2025-01-23 08:53:46.8148|INFO|Microsoft.AspNetCore.Hosting.Diagnostics|Request finished HTTP/1.1 POST https://3df8-2-139-239-88.ngrok-free.app/apiindot/loginapi - 200 - application/json;+charset=utf-8 956.0447ms
2025-01-23 08:53:47.4640|INFO|Microsoft.AspNetCore.Hosting.Diagnostics|Request starting HTTP/1.1 POST https://3df8-2-139-239-88.ngrok-free.app/apiindot/download?nombreFichero=E107_Inventario_20241119_1.articulos.json - - 0
2025-01-23 08:53:47.5788|INFO|Microsoft.AspNetCore.Routing.EndpointMiddleware|Executing endpoint 'APIRestIndotInventarioMovil.Controllers.UploadDownloadFilesController.DownloadFile (APIRestIndotInventarioMovil)'
2025-01-23 08:53:47.5838|INFO|Microsoft.AspNetCore.Mvc.Infrastructure.ControllerActionInvoker|Route matched with {action = "DownloadFile", controller = "UploadDownloadFiles"}. Executing controller action with signature System.Threading.Tasks.Task`1[Microsoft.AspNetCore.Mvc.IActionResult] DownloadFile(System.String) on controller APIRestIndotInventarioMovil.Controllers.UploadDownloadFilesController (APIRestIndotInventarioMovil).
2025-01-23 08:53:47.6024|INFO|Microsoft.AspNetCore.Mvc.Infrastructure.FileContentResultExecutor|Executing FileContentResult, sending file with download name 'E107_Inventario_20241119_1.articulos.json' ...
2025-01-23 08:53:47.6110|INFO|Microsoft.AspNetCore.Mvc.Infrastructure.ControllerActionInvoker|Executed action APIRestIndotInventarioMovil.Controllers.UploadDownloadFilesController.DownloadFile (APIRestIndotInventarioMovil) in 27.0428ms
2025-01-23 08:53:47.6110|INFO|Microsoft.AspNetCore.Routing.EndpointMiddleware|Executed endpoint 'APIRestIndotInventarioMovil.Controllers.UploadDownloadFilesController.DownloadFile (APIRestIndotInventarioMovil)'
2025-01-23 08:53:47.6110|INFO|Microsoft.AspNetCore.Hosting.Diagnostics|Request finished HTTP/1.1 POST https://3df8-2-139-239-88.ngrok-free.app/apiindot/download?nombreFichero=E107_Inventario_20241119_1.articulos.json - 200 41912 application/octet-stream 147.3968ms
2025-01-23 08:53:48.2644|INFO|Microsoft.AspNetCore.Hosting.Diagnostics|Request starting HTTP/1.1 POST https://3df8-2-139-239-88.ngrok-free.app/apiindot/download?nombreFichero=E107_Inventario_20241119_1.cbarras.json - - 0
2025-01-23 08:53:48.2671|INFO|Microsoft.AspNetCore.Routing.EndpointMiddleware|Executing endpoint 'APIRestIndotInventarioMovil.Controllers.UploadDownloadFilesController.DownloadFile (APIRestIndotInventarioMovil)'
2025-01-23 08:53:48.2671|INFO|Microsoft.AspNetCore.Mvc.Infrastructure.ControllerActionInvoker|Route matched with {action = "DownloadFile", controller = "UploadDownloadFiles"}. Executing controller action with signature System.Threading.Tasks.Task`1[Microsoft.AspNetCore.Mvc.IActionResult] DownloadFile(System.String) on controller APIRestIndotInventarioMovil.Controllers.UploadDownloadFilesController (APIRestIndotInventarioMovil).
2025-01-23 08:53:48.2671|INFO|Microsoft.AspNetCore.Mvc.Infrastructure.FileContentResultExecutor|Executing FileContentResult, sending file with download name 'E107_Inventario_20241119_1.cbarras.json' ...
2025-01-23 08:53:48.2671|INFO|Microsoft.AspNetCore.Mvc.Infrastructure.ControllerActionInvoker|Executed action APIRestIndotInventarioMovil.Controllers.UploadDownloadFilesController.DownloadFile (APIRestIndotInventarioMovil) in 2.6037ms
2025-01-23 08:53:48.2671|INFO|Microsoft.AspNetCore.Routing.EndpointMiddleware|Executed endpoint 'APIRestIndotInventarioMovil.Controllers.UploadDownloadFilesController.DownloadFile (APIRestIndotInventarioMovil)'
2025-01-23 08:53:48.2671|INFO|Microsoft.AspNetCore.Hosting.Diagnostics|Request finished HTTP/1.1 POST https://3df8-2-139-239-88.ngrok-free.app/apiindot/download?nombreFichero=E107_Inventario_20241119_1.cbarras.json - 200 22315 application/octet-stream 5.7970ms
2025-01-23 08:53:48.8657|INFO|Microsoft.AspNetCore.Hosting.Diagnostics|Request starting HTTP/1.1 POST https://3df8-2-139-239-88.ngrok-free.app/apiindot/download?nombreFichero=E107_Inventario_20241119_1.partidasnserie.json - - 0
2025-01-23 08:53:48.8657|INFO|Microsoft.AspNetCore.Routing.EndpointMiddleware|Executing endpoint 'APIRestIndotInventarioMovil.Controllers.UploadDownloadFilesController.DownloadFile (APIRestIndotInventarioMovil)'
2025-01-23 08:53:48.8657|INFO|Microsoft.AspNetCore.Mvc.Infrastructure.ControllerActionInvoker|Route matched with {action = "DownloadFile", controller = "UploadDownloadFiles"}. Executing controller action with signature System.Threading.Tasks.Task`1[Microsoft.AspNetCore.Mvc.IActionResult] DownloadFile(System.String) on controller APIRestIndotInventarioMovil.Controllers.UploadDownloadFilesController (APIRestIndotInventarioMovil).
2025-01-23 08:53:48.8657|INFO|Microsoft.AspNetCore.Mvc.Infrastructure.FileContentResultExecutor|Executing FileContentResult, sending file with download name 'E107_Inventario_20241119_1.partidasnserie.json' ...
2025-01-23 08:53:48.8657|INFO|Microsoft.AspNetCore.Mvc.Infrastructure.ControllerActionInvoker|Executed action APIRestIndotInventarioMovil.Controllers.UploadDownloadFilesController.DownloadFile (APIRestIndotInventarioMovil) in 5.9948ms
2025-01-23 08:53:48.8657|INFO|Microsoft.AspNetCore.Routing.EndpointMiddleware|Executed endpoint 'APIRestIndotInventarioMovil.Controllers.UploadDownloadFilesController.DownloadFile (APIRestIndotInventarioMovil)'
2025-01-23 08:53:48.8657|INFO|Microsoft.AspNetCore.Hosting.Diagnostics|Request finished HTTP/1.1 POST https://3df8-2-139-239-88.ngrok-free.app/apiindot/download?nombreFichero=E107_Inventario_20241119_1.partidasnserie.json - 200 111544 application/octet-stream 9.0057ms
2025-01-23 08:54:22.1173|INFO|Microsoft.AspNetCore.Hosting.Diagnostics|Request starting HTTP/1.1 POST https://3df8-2-139-239-88.ngrok-free.app/apiindot/loginapi - application/json;+charset=UTF-8 63
2025-01-23 08:54:22.1173|INFO|Microsoft.AspNetCore.Routing.EndpointMiddleware|Executing endpoint 'APIRestIndotInventarioMovil.Controllers.LoginAPIController.Login (APIRestIndotInventarioMovil)'
2025-01-23 08:54:22.1173|INFO|Microsoft.AspNetCore.Mvc.Infrastructure.ControllerActionInvoker|Route matched with {action = "Login", controller = "LoginAPI"}. Executing controller action with signature System.Threading.Tasks.Task`1[Microsoft.AspNetCore.Mvc.ActionResult`1[APIRestIndotInventarioMovil.DTO.UsuarioApiDTO]] Login(APIRestIndotInventarioMovil.Models.LoginAPI) on controller APIRestIndotInventarioMovil.Controllers.LoginAPIController (APIRestIndotInventarioMovil).
2025-01-23 08:54:22.3857|ERROR|APIRestIndotInventarioMovil.Services.IServicioSQL|ERROR: Microsoft.Data.SqlClient.SqlException (0x80131904): Credenciales no v치lidas
   at Microsoft.Data.SqlClient.SqlCommand.<>c.<ExecuteDbDataReaderAsync>b__195_0(Task`1 result)
   at System.Threading.Tasks.ContinuationResultTaskFromResultTask`2.InnerInvoke()
   at System.Threading.ExecutionContext.RunInternal(ExecutionContext executionContext, ContextCallback callback, Object state)
--- End of stack trace from previous location ---
   at System.Threading.ExecutionContext.RunInternal(ExecutionContext executionContext, ContextCallback callback, Object state)
   at System.Threading.Tasks.Task.ExecuteWithThreadLocal(Task& currentTaskSlot, Thread threadPoolThread)
--- End of stack trace from previous location ---
   at Dapper.SqlMapper.QueryRowAsync[T](IDbConnection cnn, Row row, Type effectiveType, CommandDefinition command) in /_/Dapper/SqlMapper.Async.cs:line 489
   at APIRestIndotInventarioMovil.Services.ServicioSQL.DameUsuarioSQLServer(LoginAPI login) in C:\Users\programacion1\source\repos\APIRestIndotInventarioMovil\Services\ServicioSQL.cs:line 36
ClientConnectionId:28998865-8885-453b-baa4-932aa9982010
Error Number:50000,State:1,Class:16
2025-01-23 08:54:22.8975|INFO|Microsoft.AspNetCore.Mvc.Infrastructure.ControllerActionInvoker|Executed action APIRestIndotInventarioMovil.Controllers.LoginAPIController.Login (APIRestIndotInventarioMovil) in 776.5864ms
2025-01-23 08:54:22.8975|INFO|Microsoft.AspNetCore.Routing.EndpointMiddleware|Executed endpoint 'APIRestIndotInventarioMovil.Controllers.LoginAPIController.Login (APIRestIndotInventarioMovil)'
2025-01-23 08:54:22.9150|ERROR|Microsoft.AspNetCore.Diagnostics.DeveloperExceptionPageMiddleware|An unhandled exception has occurred while executing the request.|System.Exception: Se produjo un error al obtener datos del usuario de login: Credenciales no v치lidas
   at APIRestIndotInventarioMovil.Services.ServicioSQL.DameUsuarioSQLServer(LoginAPI login) in C:\Users\programacion1\source\repos\APIRestIndotInventarioMovil\Services\ServicioSQL.cs:line 41
   at APIRestIndotInventarioMovil.Controllers.LoginAPIController.AutenticarUsuarioAsync(LoginAPI usuarioLogin) in C:\Users\programacion1\source\repos\APIRestIndotInventarioMovil\Controllers\LoginAPIController.cs:line 42
   at APIRestIndotInventarioMovil.Controllers.LoginAPIController.Login(LoginAPI usuarioLogin) in C:\Users\programacion1\source\repos\APIRestIndotInventarioMovil\Controllers\LoginAPIController.cs:line 31
   at lambda_method5(Closure, Object)
   at Microsoft.AspNetCore.Mvc.Infrastructure.ActionMethodExecutor.AwaitableObjectResultExecutor.Execute(ActionContext actionContext, IActionResultTypeMapper mapper, ObjectMethodExecutor executor, Object controller, Object[] arguments)
   at Microsoft.AspNetCore.Mvc.Infrastructure.ControllerActionInvoker.<InvokeActionMethodAsync>g__Awaited|12_0(ControllerActionInvoker invoker, ValueTask`1 actionResultValueTask)
   at Microsoft.AspNetCore.Mvc.Infrastructure.ControllerActionInvoker.<InvokeNextActionFilterAsync>g__Awaited|10_0(ControllerActionInvoker invoker, Task lastTask, State next, Scope scope, Object state, Boolean isCompleted)
   at Microsoft.AspNetCore.Mvc.Infrastructure.ControllerActionInvoker.Rethrow(ActionExecutedContextSealed context)
   at Microsoft.AspNetCore.Mvc.Infrastructure.ControllerActionInvoker.Next(State& next, Scope& scope, Object& state, Boolean& isCompleted)
   at Microsoft.AspNetCore.Mvc.Infrastructure.ControllerActionInvoker.<InvokeInnerFilterAsync>g__Awaited|13_0(ControllerActionInvoker invoker, Task lastTask, State next, Scope scope, Object state, Boolean isCompleted)
   at Microsoft.AspNetCore.Mvc.Infrastructure.ResourceInvoker.<InvokeFilterPipelineAsync>g__Awaited|20_0(ResourceInvoker invoker, Task lastTask, State next, Scope scope, Object state, Boolean isCompleted)
   at Microsoft.AspNetCore.Mvc.Infrastructure.ResourceInvoker.<InvokeAsync>g__Logged|17_1(ResourceInvoker invoker)
   at Microsoft.AspNetCore.Mvc.Infrastructure.ResourceInvoker.<InvokeAsync>g__Logged|17_1(ResourceInvoker invoker)
   at Microsoft.AspNetCore.Routing.EndpointMiddleware.<Invoke>g__AwaitRequestTask|7_0(Endpoint endpoint, Task requestTask, ILogger logger)
   at Microsoft.AspNetCore.Authorization.AuthorizationMiddleware.Invoke(HttpContext context)
   at Microsoft.AspNetCore.Authentication.AuthenticationMiddleware.Invoke(HttpContext context)
   at Swashbuckle.AspNetCore.SwaggerUI.SwaggerUIMiddleware.Invoke(HttpContext httpContext)
   at Swashbuckle.AspNetCore.Swagger.SwaggerMiddleware.Invoke(HttpContext httpContext, ISwaggerProvider swaggerProvider)
   at Microsoft.AspNetCore.Diagnostics.DeveloperExceptionPageMiddlewareImpl.Invoke(HttpContext context)
2025-01-23 08:54:23.0680|INFO|Microsoft.AspNetCore.Hosting.Diagnostics|Request finished HTTP/1.1 POST https://3df8-2-139-239-88.ngrok-free.app/apiindot/loginapi - 500 - text/plain;+charset=utf-8 950.9034ms
2025-01-23 08:54:29.5962|INFO|Microsoft.AspNetCore.Hosting.Diagnostics|Request starting HTTP/1.1 POST https://3df8-2-139-239-88.ngrok-free.app/apiindot/loginapi - application/json;+charset=UTF-8 62
2025-01-23 08:54:29.5962|INFO|Microsoft.AspNetCore.Routing.EndpointMiddleware|Executing endpoint 'APIRestIndotInventarioMovil.Controllers.LoginAPIController.Login (APIRestIndotInventarioMovil)'
2025-01-23 08:54:29.5962|INFO|Microsoft.AspNetCore.Mvc.Infrastructure.ControllerActionInvoker|Route matched with {action = "Login", controller = "LoginAPI"}. Executing controller action with signature System.Threading.Tasks.Task`1[Microsoft.AspNetCore.Mvc.ActionResult`1[APIRestIndotInventarioMovil.DTO.UsuarioApiDTO]] Login(APIRestIndotInventarioMovil.Models.LoginAPI) on controller APIRestIndotInventarioMovil.Controllers.LoginAPIController (APIRestIndotInventarioMovil).
2025-01-23 08:54:29.6139|INFO|Microsoft.AspNetCore.Mvc.Infrastructure.ObjectResultExecutor|Executing ObjectResult, writing value of type 'APIRestIndotInventarioMovil.DTO.UsuarioApiDTO'.
2025-01-23 08:54:29.6139|INFO|Microsoft.AspNetCore.Mvc.Infrastructure.ControllerActionInvoker|Executed action APIRestIndotInventarioMovil.Controllers.LoginAPIController.Login (APIRestIndotInventarioMovil) in 16.9736ms
2025-01-23 08:54:29.6139|INFO|Microsoft.AspNetCore.Routing.EndpointMiddleware|Executed endpoint 'APIRestIndotInventarioMovil.Controllers.LoginAPIController.Login (APIRestIndotInventarioMovil)'
2025-01-23 08:54:29.6139|INFO|Microsoft.AspNetCore.Hosting.Diagnostics|Request finished HTTP/1.1 POST https://3df8-2-139-239-88.ngrok-free.app/apiindot/loginapi - 200 - application/json;+charset=utf-8 18.3146ms
2025-01-23 08:54:30.1149|INFO|Microsoft.AspNetCore.Hosting.Diagnostics|Request starting HTTP/1.1 POST https://3df8-2-139-239-88.ngrok-free.app/apiindot/download?nombreFichero=E107_Inventario_20241119_1.articulos.json - - 0
2025-01-23 08:54:30.1149|INFO|Microsoft.AspNetCore.Routing.EndpointMiddleware|Executing endpoint 'APIRestIndotInventarioMovil.Controllers.UploadDownloadFilesController.DownloadFile (APIRestIndotInventarioMovil)'
2025-01-23 08:54:30.1149|INFO|Microsoft.AspNetCore.Mvc.Infrastructure.ControllerActionInvoker|Route matched with {action = "DownloadFile", controller = "UploadDownloadFiles"}. Executing controller action with signature System.Threading.Tasks.Task`1[Microsoft.AspNetCore.Mvc.IActionResult] DownloadFile(System.String) on controller APIRestIndotInventarioMovil.Controllers.UploadDownloadFilesController (APIRestIndotInventarioMovil).
2025-01-23 08:54:30.1149|INFO|Microsoft.AspNetCore.Mvc.Infrastructure.FileContentResultExecutor|Executing FileContentResult, sending file with download name 'E107_Inventario_20241119_1.articulos.json' ...
2025-01-23 08:54:30.1149|INFO|Microsoft.AspNetCore.Mvc.Infrastructure.ControllerActionInvoker|Executed action APIRestIndotInventarioMovil.Controllers.UploadDownloadFilesController.DownloadFile (APIRestIndotInventarioMovil) in 2.0326ms
2025-01-23 08:54:30.1149|INFO|Microsoft.AspNetCore.Routing.EndpointMiddleware|Executed endpoint 'APIRestIndotInventarioMovil.Controllers.UploadDownloadFilesController.DownloadFile (APIRestIndotInventarioMovil)'
2025-01-23 08:54:30.1149|INFO|Microsoft.AspNetCore.Hosting.Diagnostics|Request finished HTTP/1.1 POST https://3df8-2-139-239-88.ngrok-free.app/apiindot/download?nombreFichero=E107_Inventario_20241119_1.articulos.json - 200 41912 application/octet-stream 2.9538ms
2025-01-23 08:54:30.8064|INFO|Microsoft.AspNetCore.Hosting.Diagnostics|Request starting HTTP/1.1 POST https://3df8-2-139-239-88.ngrok-free.app/apiindot/download?nombreFichero=E107_Inventario_20241119_1.cbarras.json - - 0
2025-01-23 08:54:30.8064|INFO|Microsoft.AspNetCore.Routing.EndpointMiddleware|Executing endpoint 'APIRestIndotInventarioMovil.Controllers.UploadDownloadFilesController.DownloadFile (APIRestIndotInventarioMovil)'
2025-01-23 08:54:30.8064|INFO|Microsoft.AspNetCore.Mvc.Infrastructure.ControllerActionInvoker|Route matched with {action = "DownloadFile", controller = "UploadDownloadFiles"}. Executing controller action with signature System.Threading.Tasks.Task`1[Microsoft.AspNetCore.Mvc.IActionResult] DownloadFile(System.String) on controller APIRestIndotInventarioMovil.Controllers.UploadDownloadFilesController (APIRestIndotInventarioMovil).
2025-01-23 08:54:30.8064|INFO|Microsoft.AspNetCore.Mvc.Infrastructure.FileContentResultExecutor|Executing FileContentResult, sending file with download name 'E107_Inventario_20241119_1.cbarras.json' ...
2025-01-23 08:54:30.8064|INFO|Microsoft.AspNetCore.Mvc.Infrastructure.ControllerActionInvoker|Executed action APIRestIndotInventarioMovil.Controllers.UploadDownloadFilesController.DownloadFile (APIRestIndotInventarioMovil) in 1.3873ms
2025-01-23 08:54:30.8064|INFO|Microsoft.AspNetCore.Routing.EndpointMiddleware|Executed endpoint 'APIRestIndotInventarioMovil.Controllers.UploadDownloadFilesController.DownloadFile (APIRestIndotInventarioMovil)'
2025-01-23 08:54:30.8064|INFO|Microsoft.AspNetCore.Hosting.Diagnostics|Request finished HTTP/1.1 POST https://3df8-2-139-239-88.ngrok-free.app/apiindot/download?nombreFichero=E107_Inventario_20241119_1.cbarras.json - 200 22315 application/octet-stream 2.7711ms
2025-01-23 08:54:31.3547|INFO|Microsoft.AspNetCore.Hosting.Diagnostics|Request starting HTTP/1.1 POST https://3df8-2-139-239-88.ngrok-free.app/apiindot/download?nombreFichero=E107_Inventario_20241119_1.partidasnserie.json - - 0
2025-01-23 08:54:31.3547|INFO|Microsoft.AspNetCore.Routing.EndpointMiddleware|Executing endpoint 'APIRestIndotInventarioMovil.Controllers.UploadDownloadFilesController.DownloadFile (APIRestIndotInventarioMovil)'
2025-01-23 08:54:31.3547|INFO|Microsoft.AspNetCore.Mvc.Infrastructure.ControllerActionInvoker|Route matched with {action = "DownloadFile", controller = "UploadDownloadFiles"}. Executing controller action with signature System.Threading.Tasks.Task`1[Microsoft.AspNetCore.Mvc.IActionResult] DownloadFile(System.String) on controller APIRestIndotInventarioMovil.Controllers.UploadDownloadFilesController (APIRestIndotInventarioMovil).
2025-01-23 08:54:31.3547|INFO|Microsoft.AspNetCore.Mvc.Infrastructure.FileContentResultExecutor|Executing FileContentResult, sending file with download name 'E107_Inventario_20241119_1.partidasnserie.json' ...
2025-01-23 08:54:31.3586|INFO|Microsoft.AspNetCore.Mvc.Infrastructure.ControllerActionInvoker|Executed action APIRestIndotInventarioMovil.Controllers.UploadDownloadFilesController.DownloadFile (APIRestIndotInventarioMovil) in 3.2356ms
2025-01-23 08:54:31.3586|INFO|Microsoft.AspNetCore.Routing.EndpointMiddleware|Executed endpoint 'APIRestIndotInventarioMovil.Controllers.UploadDownloadFilesController.DownloadFile (APIRestIndotInventarioMovil)'
2025-01-23 08:54:31.3586|INFO|Microsoft.AspNetCore.Hosting.Diagnostics|Request finished HTTP/1.1 POST https://3df8-2-139-239-88.ngrok-free.app/apiindot/download?nombreFichero=E107_Inventario_20241119_1.partidasnserie.json - 200 111544 application/octet-stream 4.2009ms
2025-01-23 08:55:38.4177|INFO|Microsoft.AspNetCore.Hosting.Diagnostics|Request starting HTTP/1.1 POST https://3df8-2-139-239-88.ngrok-free.app/apiindot/loginapi - application/json;+charset=UTF-8 63
2025-01-23 08:55:38.4177|INFO|Microsoft.AspNetCore.Routing.EndpointMiddleware|Executing endpoint 'APIRestIndotInventarioMovil.Controllers.LoginAPIController.Login (APIRestIndotInventarioMovil)'
2025-01-23 08:55:38.4177|INFO|Microsoft.AspNetCore.Mvc.Infrastructure.ControllerActionInvoker|Route matched with {action = "Login", controller = "LoginAPI"}. Executing controller action with signature System.Threading.Tasks.Task`1[Microsoft.AspNetCore.Mvc.ActionResult`1[APIRestIndotInventarioMovil.DTO.UsuarioApiDTO]] Login(APIRestIndotInventarioMovil.Models.LoginAPI) on controller APIRestIndotInventarioMovil.Controllers.LoginAPIController (APIRestIndotInventarioMovil).
2025-01-23 08:55:38.4890|ERROR|APIRestIndotInventarioMovil.Services.IServicioSQL|ERROR: Microsoft.Data.SqlClient.SqlException (0x80131904): Credenciales no v치lidas
   at Microsoft.Data.SqlClient.SqlCommand.<>c.<ExecuteDbDataReaderAsync>b__195_0(Task`1 result)
   at System.Threading.Tasks.ContinuationResultTaskFromResultTask`2.InnerInvoke()
   at System.Threading.ExecutionContext.RunInternal(ExecutionContext executionContext, ContextCallback callback, Object state)
--- End of stack trace from previous location ---
   at System.Threading.ExecutionContext.RunInternal(ExecutionContext executionContext, ContextCallback callback, Object state)
   at System.Threading.Tasks.Task.ExecuteWithThreadLocal(Task& currentTaskSlot, Thread threadPoolThread)
--- End of stack trace from previous location ---
   at Dapper.SqlMapper.QueryRowAsync[T](IDbConnection cnn, Row row, Type effectiveType, CommandDefinition command) in /_/Dapper/SqlMapper.Async.cs:line 489
   at APIRestIndotInventarioMovil.Services.ServicioSQL.DameUsuarioSQLServer(LoginAPI login) in C:\Users\programacion1\source\repos\APIRestIndotInventarioMovil\Services\ServicioSQL.cs:line 36
ClientConnectionId:28998865-8885-453b-baa4-932aa9982010
Error Number:50000,State:1,Class:16
2025-01-23 08:55:38.7824|INFO|Microsoft.AspNetCore.Mvc.Infrastructure.ControllerActionInvoker|Executed action APIRestIndotInventarioMovil.Controllers.LoginAPIController.Login (APIRestIndotInventarioMovil) in 363.2749ms
2025-01-23 08:55:38.7824|INFO|Microsoft.AspNetCore.Routing.EndpointMiddleware|Executed endpoint 'APIRestIndotInventarioMovil.Controllers.LoginAPIController.Login (APIRestIndotInventarioMovil)'
2025-01-23 08:55:38.7824|ERROR|Microsoft.AspNetCore.Diagnostics.DeveloperExceptionPageMiddleware|An unhandled exception has occurred while executing the request.|System.Exception: Se produjo un error al obtener datos del usuario de login: Credenciales no v치lidas
   at APIRestIndotInventarioMovil.Services.ServicioSQL.DameUsuarioSQLServer(LoginAPI login) in C:\Users\programacion1\source\repos\APIRestIndotInventarioMovil\Services\ServicioSQL.cs:line 41
   at APIRestIndotInventarioMovil.Controllers.LoginAPIController.AutenticarUsuarioAsync(LoginAPI usuarioLogin) in C:\Users\programacion1\source\repos\APIRestIndotInventarioMovil\Controllers\LoginAPIController.cs:line 42
   at APIRestIndotInventarioMovil.Controllers.LoginAPIController.Login(LoginAPI usuarioLogin) in C:\Users\programacion1\source\repos\APIRestIndotInventarioMovil\Controllers\LoginAPIController.cs:line 31
   at lambda_method5(Closure, Object)
   at Microsoft.AspNetCore.Mvc.Infrastructure.ActionMethodExecutor.AwaitableObjectResultExecutor.Execute(ActionContext actionContext, IActionResultTypeMapper mapper, ObjectMethodExecutor executor, Object controller, Object[] arguments)
   at Microsoft.AspNetCore.Mvc.Infrastructure.ControllerActionInvoker.<InvokeActionMethodAsync>g__Awaited|12_0(ControllerActionInvoker invoker, ValueTask`1 actionResultValueTask)
   at Microsoft.AspNetCore.Mvc.Infrastructure.ControllerActionInvoker.<InvokeNextActionFilterAsync>g__Awaited|10_0(ControllerActionInvoker invoker, Task lastTask, State next, Scope scope, Object state, Boolean isCompleted)
   at Microsoft.AspNetCore.Mvc.Infrastructure.ControllerActionInvoker.Rethrow(ActionExecutedContextSealed context)
   at Microsoft.AspNetCore.Mvc.Infrastructure.ControllerActionInvoker.Next(State& next, Scope& scope, Object& state, Boolean& isCompleted)
   at Microsoft.AspNetCore.Mvc.Infrastructure.ControllerActionInvoker.<InvokeInnerFilterAsync>g__Awaited|13_0(ControllerActionInvoker invoker, Task lastTask, State next, Scope scope, Object state, Boolean isCompleted)
   at Microsoft.AspNetCore.Mvc.Infrastructure.ResourceInvoker.<InvokeFilterPipelineAsync>g__Awaited|20_0(ResourceInvoker invoker, Task lastTask, State next, Scope scope, Object state, Boolean isCompleted)
   at Microsoft.AspNetCore.Mvc.Infrastructure.ResourceInvoker.<InvokeAsync>g__Logged|17_1(ResourceInvoker invoker)
   at Microsoft.AspNetCore.Mvc.Infrastructure.ResourceInvoker.<InvokeAsync>g__Logged|17_1(ResourceInvoker invoker)
   at Microsoft.AspNetCore.Routing.EndpointMiddleware.<Invoke>g__AwaitRequestTask|7_0(Endpoint endpoint, Task requestTask, ILogger logger)
   at Microsoft.AspNetCore.Authorization.AuthorizationMiddleware.Invoke(HttpContext context)
   at Microsoft.AspNetCore.Authentication.AuthenticationMiddleware.Invoke(HttpContext context)
   at Swashbuckle.AspNetCore.SwaggerUI.SwaggerUIMiddleware.Invoke(HttpContext httpContext)
   at Swashbuckle.AspNetCore.Swagger.SwaggerMiddleware.Invoke(HttpContext httpContext, ISwaggerProvider swaggerProvider)
   at Microsoft.AspNetCore.Diagnostics.DeveloperExceptionPageMiddlewareImpl.Invoke(HttpContext context)
2025-01-23 08:55:38.9010|INFO|Microsoft.AspNetCore.Hosting.Diagnostics|Request finished HTTP/1.1 POST https://3df8-2-139-239-88.ngrok-free.app/apiindot/loginapi - 500 - text/plain;+charset=utf-8 483.4125ms
2025-01-23 08:55:54.5272|INFO|Microsoft.AspNetCore.Hosting.Diagnostics|Request starting HTTP/1.1 POST https://3df8-2-139-239-88.ngrok-free.app/apiindot/loginapi - application/json;+charset=UTF-8 62
2025-01-23 08:55:54.5288|INFO|Microsoft.AspNetCore.Routing.EndpointMiddleware|Executing endpoint 'APIRestIndotInventarioMovil.Controllers.LoginAPIController.Login (APIRestIndotInventarioMovil)'
2025-01-23 08:55:54.5288|INFO|Microsoft.AspNetCore.Mvc.Infrastructure.ControllerActionInvoker|Route matched with {action = "Login", controller = "LoginAPI"}. Executing controller action with signature System.Threading.Tasks.Task`1[Microsoft.AspNetCore.Mvc.ActionResult`1[APIRestIndotInventarioMovil.DTO.UsuarioApiDTO]] Login(APIRestIndotInventarioMovil.Models.LoginAPI) on controller APIRestIndotInventarioMovil.Controllers.LoginAPIController (APIRestIndotInventarioMovil).
2025-01-23 08:55:54.5288|INFO|Microsoft.AspNetCore.Mvc.Infrastructure.ObjectResultExecutor|Executing ObjectResult, writing value of type 'APIRestIndotInventarioMovil.DTO.UsuarioApiDTO'.
2025-01-23 08:55:54.5288|INFO|Microsoft.AspNetCore.Mvc.Infrastructure.ControllerActionInvoker|Executed action APIRestIndotInventarioMovil.Controllers.LoginAPIController.Login (APIRestIndotInventarioMovil) in 8.239ms
2025-01-23 08:55:54.5288|INFO|Microsoft.AspNetCore.Routing.EndpointMiddleware|Executed endpoint 'APIRestIndotInventarioMovil.Controllers.LoginAPIController.Login (APIRestIndotInventarioMovil)'
2025-01-23 08:55:54.5288|INFO|Microsoft.AspNetCore.Hosting.Diagnostics|Request finished HTTP/1.1 POST https://3df8-2-139-239-88.ngrok-free.app/apiindot/loginapi - 200 - application/json;+charset=utf-8 10.3713ms
2025-01-23 08:55:55.0159|INFO|Microsoft.AspNetCore.Hosting.Diagnostics|Request starting HTTP/1.1 POST https://3df8-2-139-239-88.ngrok-free.app/apiindot/download?nombreFichero=E107_Inventario_20241119_1.articulos.json - - 0
2025-01-23 08:55:55.0159|INFO|Microsoft.AspNetCore.Routing.EndpointMiddleware|Executing endpoint 'APIRestIndotInventarioMovil.Controllers.UploadDownloadFilesController.DownloadFile (APIRestIndotInventarioMovil)'
2025-01-23 08:55:55.0159|INFO|Microsoft.AspNetCore.Mvc.Infrastructure.ControllerActionInvoker|Route matched with {action = "DownloadFile", controller = "UploadDownloadFiles"}. Executing controller action with signature System.Threading.Tasks.Task`1[Microsoft.AspNetCore.Mvc.IActionResult] DownloadFile(System.String) on controller APIRestIndotInventarioMovil.Controllers.UploadDownloadFilesController (APIRestIndotInventarioMovil).
2025-01-23 08:55:55.0159|INFO|Microsoft.AspNetCore.Mvc.Infrastructure.FileContentResultExecutor|Executing FileContentResult, sending file with download name 'E107_Inventario_20241119_1.articulos.json' ...
2025-01-23 08:55:55.0159|INFO|Microsoft.AspNetCore.Mvc.Infrastructure.ControllerActionInvoker|Executed action APIRestIndotInventarioMovil.Controllers.UploadDownloadFilesController.DownloadFile (APIRestIndotInventarioMovil) in 3.5305ms
2025-01-23 08:55:55.0159|INFO|Microsoft.AspNetCore.Routing.EndpointMiddleware|Executed endpoint 'APIRestIndotInventarioMovil.Controllers.UploadDownloadFilesController.DownloadFile (APIRestIndotInventarioMovil)'
2025-01-23 08:55:55.0159|INFO|Microsoft.AspNetCore.Hosting.Diagnostics|Request finished HTTP/1.1 POST https://3df8-2-139-239-88.ngrok-free.app/apiindot/download?nombreFichero=E107_Inventario_20241119_1.articulos.json - 200 41912 application/octet-stream 5.5996ms
2025-01-23 08:55:55.6461|INFO|Microsoft.AspNetCore.Hosting.Diagnostics|Request starting HTTP/1.1 POST https://3df8-2-139-239-88.ngrok-free.app/apiindot/download?nombreFichero=E107_Inventario_20241119_1.cbarras.json - - 0
2025-01-23 08:55:55.6461|INFO|Microsoft.AspNetCore.Routing.EndpointMiddleware|Executing endpoint 'APIRestIndotInventarioMovil.Controllers.UploadDownloadFilesController.DownloadFile (APIRestIndotInventarioMovil)'
2025-01-23 08:55:55.6461|INFO|Microsoft.AspNetCore.Mvc.Infrastructure.ControllerActionInvoker|Route matched with {action = "DownloadFile", controller = "UploadDownloadFiles"}. Executing controller action with signature System.Threading.Tasks.Task`1[Microsoft.AspNetCore.Mvc.IActionResult] DownloadFile(System.String) on controller APIRestIndotInventarioMovil.Controllers.UploadDownloadFilesController (APIRestIndotInventarioMovil).
2025-01-23 08:55:55.6461|INFO|Microsoft.AspNetCore.Mvc.Infrastructure.FileContentResultExecutor|Executing FileContentResult, sending file with download name 'E107_Inventario_20241119_1.cbarras.json' ...
2025-01-23 08:55:55.6461|INFO|Microsoft.AspNetCore.Mvc.Infrastructure.ControllerActionInvoker|Executed action APIRestIndotInventarioMovil.Controllers.UploadDownloadFilesController.DownloadFile (APIRestIndotInventarioMovil) in 1.3181ms
2025-01-23 08:55:55.6461|INFO|Microsoft.AspNetCore.Routing.EndpointMiddleware|Executed endpoint 'APIRestIndotInventarioMovil.Controllers.UploadDownloadFilesController.DownloadFile (APIRestIndotInventarioMovil)'
2025-01-23 08:55:55.6461|INFO|Microsoft.AspNetCore.Hosting.Diagnostics|Request finished HTTP/1.1 POST https://3df8-2-139-239-88.ngrok-free.app/apiindot/download?nombreFichero=E107_Inventario_20241119_1.cbarras.json - 200 22315 application/octet-stream 2.5087ms
2025-01-23 08:55:56.1740|INFO|Microsoft.AspNetCore.Hosting.Diagnostics|Request starting HTTP/1.1 POST https://3df8-2-139-239-88.ngrok-free.app/apiindot/download?nombreFichero=E107_Inventario_20241119_1.partidasnserie.json - - 0
2025-01-23 08:55:56.1740|INFO|Microsoft.AspNetCore.Routing.EndpointMiddleware|Executing endpoint 'APIRestIndotInventarioMovil.Controllers.UploadDownloadFilesController.DownloadFile (APIRestIndotInventarioMovil)'
2025-01-23 08:55:56.1740|INFO|Microsoft.AspNetCore.Mvc.Infrastructure.ControllerActionInvoker|Route matched with {action = "DownloadFile", controller = "UploadDownloadFiles"}. Executing controller action with signature System.Threading.Tasks.Task`1[Microsoft.AspNetCore.Mvc.IActionResult] DownloadFile(System.String) on controller APIRestIndotInventarioMovil.Controllers.UploadDownloadFilesController (APIRestIndotInventarioMovil).
2025-01-23 08:55:56.1740|INFO|Microsoft.AspNetCore.Mvc.Infrastructure.FileContentResultExecutor|Executing FileContentResult, sending file with download name 'E107_Inventario_20241119_1.partidasnserie.json' ...
2025-01-23 08:55:56.2093|INFO|Microsoft.AspNetCore.Mvc.Infrastructure.ControllerActionInvoker|Executed action APIRestIndotInventarioMovil.Controllers.UploadDownloadFilesController.DownloadFile (APIRestIndotInventarioMovil) in 34.0297ms
2025-01-23 08:55:56.2093|INFO|Microsoft.AspNetCore.Routing.EndpointMiddleware|Executed endpoint 'APIRestIndotInventarioMovil.Controllers.UploadDownloadFilesController.DownloadFile (APIRestIndotInventarioMovil)'
2025-01-23 08:55:56.2093|INFO|Microsoft.AspNetCore.Hosting.Diagnostics|Request finished HTTP/1.1 POST https://3df8-2-139-239-88.ngrok-free.app/apiindot/download?nombreFichero=E107_Inventario_20241119_1.partidasnserie.json - 200 111544 application/octet-stream 35.6961ms
2025-01-23 09:02:14.4333|INFO|Microsoft.AspNetCore.DataProtection.KeyManagement.XmlKeyManager|User profile is available. Using 'C:\Users\programacion1\AppData\Local\ASP.NET\DataProtection-Keys' as key repository and Windows DPAPI to encrypt keys at rest.
2025-01-23 09:02:14.9066|INFO|Microsoft.Hosting.Lifetime|Now listening on: https://localhost:7144
2025-01-23 09:02:14.9301|INFO|Microsoft.Hosting.Lifetime|Now listening on: http://localhost:5197
2025-01-23 09:02:15.0963|INFO|Microsoft.Hosting.Lifetime|Application started. Press Ctrl+C to shut down.
2025-01-23 09:02:15.0963|INFO|Microsoft.Hosting.Lifetime|Hosting environment: Development
2025-01-23 09:02:15.0963|INFO|Microsoft.Hosting.Lifetime|Content root path: C:\Users\programacion1\source\repos\APIRestIndotInventarioMovil
2025-01-23 09:07:39.7424|INFO|Microsoft.AspNetCore.DataProtection.KeyManagement.XmlKeyManager|User profile is available. Using 'C:\Users\programacion1\AppData\Local\ASP.NET\DataProtection-Keys' as key repository and Windows DPAPI to encrypt keys at rest.
2025-01-23 09:07:40.0624|INFO|Microsoft.Hosting.Lifetime|Now listening on: https://localhost:7144
2025-01-23 09:07:40.0624|INFO|Microsoft.Hosting.Lifetime|Now listening on: http://localhost:5197
2025-01-23 09:07:40.1341|INFO|Microsoft.Hosting.Lifetime|Application started. Press Ctrl+C to shut down.
2025-01-23 09:07:40.1361|INFO|Microsoft.Hosting.Lifetime|Hosting environment: Development
2025-01-23 09:07:40.1361|INFO|Microsoft.Hosting.Lifetime|Content root path: C:\Users\programacion1\source\repos\APIRestIndotInventarioMovil
2025-01-23 09:09:48.0514|INFO|Microsoft.AspNetCore.Hosting.Diagnostics|Request starting HTTP/1.1 POST https://3df8-2-139-239-88.ngrok-free.app/apiindot/loginapi - application/json;+charset=UTF-8 59
2025-01-23 09:09:48.2136|INFO|Microsoft.AspNetCore.Routing.EndpointMiddleware|Executing endpoint 'APIRestIndotInventarioMovil.Controllers.LoginAPIController.Login (APIRestIndotInventarioMovil)'
2025-01-23 09:09:48.2472|INFO|Microsoft.AspNetCore.Mvc.Infrastructure.ControllerActionInvoker|Route matched with {action = "Login", controller = "LoginAPI"}. Executing controller action with signature System.Threading.Tasks.Task`1[Microsoft.AspNetCore.Mvc.ActionResult`1[APIRestIndotInventarioMovil.DTO.UsuarioApiDTO]] Login(APIRestIndotInventarioMovil.Models.LoginAPI) on controller APIRestIndotInventarioMovil.Controllers.LoginAPIController (APIRestIndotInventarioMovil).
2025-01-23 09:09:49.1250|INFO|Microsoft.AspNetCore.Mvc.Infrastructure.ObjectResultExecutor|Executing ObjectResult, writing value of type 'APIRestIndotInventarioMovil.DTO.UsuarioApiDTO'.
2025-01-23 09:09:49.1383|INFO|Microsoft.AspNetCore.Mvc.Infrastructure.ControllerActionInvoker|Executed action APIRestIndotInventarioMovil.Controllers.LoginAPIController.Login (APIRestIndotInventarioMovil) in 886.1085ms
2025-01-23 09:09:49.1383|INFO|Microsoft.AspNetCore.Routing.EndpointMiddleware|Executed endpoint 'APIRestIndotInventarioMovil.Controllers.LoginAPIController.Login (APIRestIndotInventarioMovil)'
2025-01-23 09:09:49.1383|INFO|Microsoft.AspNetCore.Hosting.Diagnostics|Request finished HTTP/1.1 POST https://3df8-2-139-239-88.ngrok-free.app/apiindot/loginapi - 200 - application/json;+charset=utf-8 1101.4052ms
2025-01-23 09:09:49.7576|INFO|Microsoft.AspNetCore.Hosting.Diagnostics|Request starting HTTP/1.1 POST https://3df8-2-139-239-88.ngrok-free.app/apiindot/download?nombreFichero=E110_Inventario_20241119_1.articulos.json - - 0
2025-01-23 09:09:49.8531|INFO|Microsoft.AspNetCore.Routing.EndpointMiddleware|Executing endpoint 'APIRestIndotInventarioMovil.Controllers.UploadDownloadFilesController.DownloadFile (APIRestIndotInventarioMovil)'
2025-01-23 09:09:49.8531|INFO|Microsoft.AspNetCore.Mvc.Infrastructure.ControllerActionInvoker|Route matched with {action = "DownloadFile", controller = "UploadDownloadFiles"}. Executing controller action with signature System.Threading.Tasks.Task`1[Microsoft.AspNetCore.Mvc.IActionResult] DownloadFile(System.String) on controller APIRestIndotInventarioMovil.Controllers.UploadDownloadFilesController (APIRestIndotInventarioMovil).
2025-01-23 09:09:49.8707|INFO|Microsoft.AspNetCore.Mvc.Infrastructure.FileContentResultExecutor|Executing FileContentResult, sending file with download name 'E110_Inventario_20241119_1.articulos.json' ...
2025-01-23 09:09:49.8707|INFO|Microsoft.AspNetCore.Mvc.Infrastructure.ControllerActionInvoker|Executed action APIRestIndotInventarioMovil.Controllers.UploadDownloadFilesController.DownloadFile (APIRestIndotInventarioMovil) in 20.6032ms
2025-01-23 09:09:49.8707|INFO|Microsoft.AspNetCore.Routing.EndpointMiddleware|Executed endpoint 'APIRestIndotInventarioMovil.Controllers.UploadDownloadFilesController.DownloadFile (APIRestIndotInventarioMovil)'
2025-01-23 09:09:49.8707|INFO|Microsoft.AspNetCore.Hosting.Diagnostics|Request finished HTTP/1.1 POST https://3df8-2-139-239-88.ngrok-free.app/apiindot/download?nombreFichero=E110_Inventario_20241119_1.articulos.json - 200 41912 application/octet-stream 121.0506ms
2025-01-23 09:09:50.6041|INFO|Microsoft.AspNetCore.Hosting.Diagnostics|Request starting HTTP/1.1 POST https://3df8-2-139-239-88.ngrok-free.app/apiindot/download?nombreFichero=E110_Inventario_20241119_1.cbarras.json - - 0
2025-01-23 09:09:50.6041|INFO|Microsoft.AspNetCore.Routing.EndpointMiddleware|Executing endpoint 'APIRestIndotInventarioMovil.Controllers.UploadDownloadFilesController.DownloadFile (APIRestIndotInventarioMovil)'
2025-01-23 09:09:50.6041|INFO|Microsoft.AspNetCore.Mvc.Infrastructure.ControllerActionInvoker|Route matched with {action = "DownloadFile", controller = "UploadDownloadFiles"}. Executing controller action with signature System.Threading.Tasks.Task`1[Microsoft.AspNetCore.Mvc.IActionResult] DownloadFile(System.String) on controller APIRestIndotInventarioMovil.Controllers.UploadDownloadFilesController (APIRestIndotInventarioMovil).
2025-01-23 09:09:50.6041|INFO|Microsoft.AspNetCore.Mvc.Infrastructure.FileContentResultExecutor|Executing FileContentResult, sending file with download name 'E110_Inventario_20241119_1.cbarras.json' ...
2025-01-23 09:09:50.6041|INFO|Microsoft.AspNetCore.Mvc.Infrastructure.ControllerActionInvoker|Executed action APIRestIndotInventarioMovil.Controllers.UploadDownloadFilesController.DownloadFile (APIRestIndotInventarioMovil) in 3.5968ms
2025-01-23 09:09:50.6041|INFO|Microsoft.AspNetCore.Routing.EndpointMiddleware|Executed endpoint 'APIRestIndotInventarioMovil.Controllers.UploadDownloadFilesController.DownloadFile (APIRestIndotInventarioMovil)'
2025-01-23 09:09:50.6041|INFO|Microsoft.AspNetCore.Hosting.Diagnostics|Request finished HTTP/1.1 POST https://3df8-2-139-239-88.ngrok-free.app/apiindot/download?nombreFichero=E110_Inventario_20241119_1.cbarras.json - 200 22315 application/octet-stream 9.0060ms
2025-01-23 09:09:51.2116|INFO|Microsoft.AspNetCore.Hosting.Diagnostics|Request starting HTTP/1.1 POST https://3df8-2-139-239-88.ngrok-free.app/apiindot/download?nombreFichero=E110_Inventario_20241119_1.partidasnserie.json - - 0
2025-01-23 09:09:51.2116|INFO|Microsoft.AspNetCore.Routing.EndpointMiddleware|Executing endpoint 'APIRestIndotInventarioMovil.Controllers.UploadDownloadFilesController.DownloadFile (APIRestIndotInventarioMovil)'
2025-01-23 09:09:51.2116|INFO|Microsoft.AspNetCore.Mvc.Infrastructure.ControllerActionInvoker|Route matched with {action = "DownloadFile", controller = "UploadDownloadFiles"}. Executing controller action with signature System.Threading.Tasks.Task`1[Microsoft.AspNetCore.Mvc.IActionResult] DownloadFile(System.String) on controller APIRestIndotInventarioMovil.Controllers.UploadDownloadFilesController (APIRestIndotInventarioMovil).
2025-01-23 09:09:51.2116|INFO|Microsoft.AspNetCore.Mvc.Infrastructure.FileContentResultExecutor|Executing FileContentResult, sending file with download name 'E110_Inventario_20241119_1.partidasnserie.json' ...
2025-01-23 09:09:51.2116|INFO|Microsoft.AspNetCore.Mvc.Infrastructure.ControllerActionInvoker|Executed action APIRestIndotInventarioMovil.Controllers.UploadDownloadFilesController.DownloadFile (APIRestIndotInventarioMovil) in 8.5647ms
2025-01-23 09:09:51.2116|INFO|Microsoft.AspNetCore.Routing.EndpointMiddleware|Executed endpoint 'APIRestIndotInventarioMovil.Controllers.UploadDownloadFilesController.DownloadFile (APIRestIndotInventarioMovil)'
2025-01-23 09:09:51.2116|INFO|Microsoft.AspNetCore.Hosting.Diagnostics|Request finished HTTP/1.1 POST https://3df8-2-139-239-88.ngrok-free.app/apiindot/download?nombreFichero=E110_Inventario_20241119_1.partidasnserie.json - 200 111544 application/octet-stream 11.2049ms
